#
# A fatal error has been detected by the Java Runtime Environment:
#
#  Internal Error (javaClasses.cpp:129), pid=4964, tid=3059829568
#  fatal error: Invalid layout of preloaded class
#
# JRE version: 7.0_21-b02
# Java VM: OpenJDK Server VM (23.7-b01 mixed mode linux-x86 )
# Failed to write core dump. Core dumps have been disabled. To enable core dumping, try "ulimit -c unlimited" before starting Java again
#
# If you would like to submit a bug report, please include
# instructions on how to reproduce the bug and visit:
#   https://bugs.launchpad.net/ubuntu/+source/openjdk-7/
#

---------------  T H R E A D  ---------------

Current thread (0xb6408000):  JavaThread "Unknown thread" [_thread_in_vm, id=4968, stack(0xb65c4000,0xb6615000)]

Stack: [0xb65c4000,0xb6615000]
[error occurred during error reporting (printing stack bounds), id 0xb]


[error occurred during error reporting (printing native stack), id 0xb]


---------------  P R O C E S S  ---------------

Java Threads: ( => current thread )

Other Threads:

=>0xb6408000 (exited) JavaThread "Unknown thread" [_thread_in_vm, id=4968, stack(0xb65c4000,0xb6615000)]

VM state:not at safepoint (not fully initialized)

VM Mutex/Monitor currently owned by a thread: None

GC Heap History (0 events):
No events

Deoptimization events (0 events):
No events

Internal exceptions (0 events):
No events

Events (10 events):
Event: 0.014 loading class 0xb6433110 done
Event: 0.014 loading class 0xb6432a50 done
Event: 0.014 loading class 0xb6432a28
Event: 0.014 loading class 0xb6452930
Event: 0.014 loading class 0xb6452930 done
Event: 0.014 loading class 0xb6452968
Event: 0.014 loading class 0xb6452968 done
Event: 0.015 loading class 0xb64529a0
Event: 0.015 loading class 0xb64529a0 done
Event: 0.015 loading class 0xb6432a28 done


Dynamic libraries:
08048000-08049000 r-xp 00000000 08:05 1046656    /usr/lib/jvm/java-7-openjdk-i386/jre/bin/java
08049000-0804a000 r--p 00000000 08:05 1046656    /usr/lib/jvm/java-7-openjdk-i386/jre/bin/java
0804a000-0804b000 rw-p 00001000 08:05 1046656    /usr/lib/jvm/java-7-openjdk-i386/jre/bin/java
09c83000-09ca4000 rw-p 00000000 00:00 0          [heap]
6b446000-6b50c000 r--s 0116f000 08:05 441170     /home/dinja/Software/adt-bundle-linux-x86/sdk/platforms/android-17/android.jar
6b50c000-6e200000 rw-p 00000000 00:00 0 
6e200000-6e221000 rw-p 00000000 00:00 0 
6e221000-6e300000 ---p 00000000 00:00 0 
6e35b000-6e37f000 rw-p 00000000 00:00 0 
6e37f000-6e380000 ---p 00000000 00:00 0 
6e380000-6e400000 rw-p 00000000 00:00 0          [stack:4972]
6e400000-6e421000 rw-p 00000000 00:00 0 
6e421000-6e500000 ---p 00000000 00:00 0 
6e507000-6e508000 ---p 00000000 00:00 0 
6e508000-6e590000 rw-p 00000000 00:00 0          [stack:4971]
6e590000-6e5c8000 rw-p 00000000 00:00 0 
6e5c8000-6e5dd000 rw-p 00000000 00:00 0 
6e5dd000-6e70b000 rw-p 00000000 00:00 0 
6e70b000-6e713000 rw-p 00000000 00:00 0 
6e713000-6e74b000 rw-p 00000000 00:00 0 
6e74b000-6e760000 rw-p 00000000 00:00 0 
6e760000-6e88d000 rw-p 00000000 00:00 0 
6e88d000-6e898000 rw-p 00000000 00:00 0 
6e898000-6e92f000 rw-p 00000000 00:00 0 
6e92f000-6f930000 rw-p 00000000 00:00 0 
6f930000-76930000 rw-p 00000000 00:00 0 
76930000-79190000 rw-p 00000000 00:00 0 
79190000-9ee90000 rw-p 00000000 00:00 0 
9ee90000-a02b0000 rw-p 00000000 00:00 0 
a02b0000-b3130000 rw-p 00000000 00:00 0 
b3133000-b313c000 rw-p 00000000 00:00 0 
b313c000-b31f3000 rw-p 00000000 00:00 0 
b31f3000-b3433000 rwxp 00000000 00:00 0 
b3433000-b61f3000 rw-p 00000000 00:00 0 
b61f3000-b61fe000 r-xp 00000000 08:05 926080     /lib/i386-linux-gnu/libnss_files-2.17.so
b61fe000-b61ff000 r--p 0000a000 08:05 926080     /lib/i386-linux-gnu/libnss_files-2.17.so
b61ff000-b6200000 rw-p 0000b000 08:05 926080     /lib/i386-linux-gnu/libnss_files-2.17.so
b6200000-b6400000 r--p 00000000 08:05 1055577    /usr/lib/locale/locale-archive
b6400000-b645d000 rw-p 00000000 00:00 0 
b645d000-b6500000 ---p 00000000 00:00 0 
b6509000-b6513000 r-xp 00000000 08:05 928416     /lib/i386-linux-gnu/libnss_nis-2.17.so
b6513000-b6514000 r--p 00009000 08:05 928416     /lib/i386-linux-gnu/libnss_nis-2.17.so
b6514000-b6515000 rw-p 0000a000 08:05 928416     /lib/i386-linux-gnu/libnss_nis-2.17.so
b6515000-b652a000 r-xp 00000000 08:05 968744     /lib/i386-linux-gnu/libnsl-2.17.so
b652a000-b652b000 r--p 00014000 08:05 968744     /lib/i386-linux-gnu/libnsl-2.17.so
b652b000-b652c000 rw-p 00015000 08:05 968744     /lib/i386-linux-gnu/libnsl-2.17.so
b652c000-b652e000 rw-p 00000000 00:00 0 
b652e000-b6535000 r-xp 00000000 08:05 926075     /lib/i386-linux-gnu/libnss_compat-2.17.so
b6535000-b6536000 r--p 00006000 08:05 926075     /lib/i386-linux-gnu/libnss_compat-2.17.so
b6536000-b6537000 rw-p 00007000 08:05 926075     /lib/i386-linux-gnu/libnss_compat-2.17.so
b6540000-b6548000 r-xp 00000000 08:05 283897     /usr/lib/jvm/java-7-openjdk-i386/jre/lib/i386/libzip.so
b6548000-b6549000 r--p 00007000 08:05 283897     /usr/lib/jvm/java-7-openjdk-i386/jre/lib/i386/libzip.so
b6549000-b654a000 rw-p 00008000 08:05 283897     /usr/lib/jvm/java-7-openjdk-i386/jre/lib/i386/libzip.so
b654a000-b6552000 rw-s 00000000 08:05 655881     /tmp/hsperfdata_dinja/4964
b6552000-b6590000 r-xp 00000000 08:05 283951     /usr/lib/jvm/java-7-openjdk-i386/jre/lib/i386/libjdwp.so
b6590000-b6591000 r--p 0003d000 08:05 283951     /usr/lib/jvm/java-7-openjdk-i386/jre/lib/i386/libjdwp.so
b6591000-b6592000 rw-p 0003e000 08:05 283951     /usr/lib/jvm/java-7-openjdk-i386/jre/lib/i386/libjdwp.so
b6592000-b65b9000 r-xp 00000000 08:05 272573     /usr/lib/jvm/java-7-openjdk-i386/jre/lib/i386/libjava.so
b65b9000-b65ba000 r--p 00026000 08:05 272573     /usr/lib/jvm/java-7-openjdk-i386/jre/lib/i386/libjava.so
b65ba000-b65bb000 rw-p 00027000 08:05 272573     /usr/lib/jvm/java-7-openjdk-i386/jre/lib/i386/libjava.so
b65bb000-b65c2000 r-xp 00000000 08:05 914094     /lib/i386-linux-gnu/librt-2.17.so
b65c2000-b65c3000 r--p 00006000 08:05 914094     /lib/i386-linux-gnu/librt-2.17.so
b65c3000-b65c4000 rw-p 00007000 08:05 914094     /lib/i386-linux-gnu/librt-2.17.so
b65c4000-b65c7000 ---p 00000000 00:00 0 
b65c7000-b6615000 rw-p 00000000 00:00 0          [stack:4968]
b6615000-b6630000 r-xp 00000000 08:05 914483     /lib/i386-linux-gnu/libgcc_s.so.1
b6630000-b6631000 r--p 0001a000 08:05 914483     /lib/i386-linux-gnu/libgcc_s.so.1
b6631000-b6632000 rw-p 0001b000 08:05 914483     /lib/i386-linux-gnu/libgcc_s.so.1
b6632000-b6673000 r-xp 00000000 08:05 926077     /lib/i386-linux-gnu/libm-2.17.so
b6673000-b6674000 r--p 00040000 08:05 926077     /lib/i386-linux-gnu/libm-2.17.so
b6674000-b6675000 rw-p 00041000 08:05 926077     /lib/i386-linux-gnu/libm-2.17.so
b6675000-b6751000 r-xp 00000000 08:05 1046905    /usr/lib/i386-linux-gnu/libstdc++.so.6.0.17
b6751000-b6752000 ---p 000dc000 08:05 1046905    /usr/lib/i386-linux-gnu/libstdc++.so.6.0.17
b6752000-b6756000 r--p 000dc000 08:05 1046905    /usr/lib/i386-linux-gnu/libstdc++.so.6.0.17
b6756000-b6757000 rw-p 000e0000 08:05 1046905    /usr/lib/i386-linux-gnu/libstdc++.so.6.0.17
b6757000-b675e000 rw-p 00000000 00:00 0 
b675e000-b7053000 r-xp 00000000 08:05 283925     /usr/lib/jvm/java-7-openjdk-i386/jre/lib/i386/server/libjvm.so
b7053000-b709a000 r--p 008f4000 08:05 283925     /usr/lib/jvm/java-7-openjdk-i386/jre/lib/i386/server/libjvm.so
b709a000-b70ae000 rw-p 0093b000 08:05 283925     /usr/lib/jvm/java-7-openjdk-i386/jre/lib/i386/server/libjvm.so
b70ae000-b74cc000 rw-p 00000000 00:00 0 
b74cc000-b74e3000 r-xp 00000000 08:05 914347     /lib/i386-linux-gnu/libz.so.1.2.7
b74e3000-b74e4000 r--p 00016000 08:05 914347     /lib/i386-linux-gnu/libz.so.1.2.7
b74e4000-b74e5000 rw-p 00017000 08:05 914347     /lib/i386-linux-gnu/libz.so.1.2.7
b74e5000-b74fc000 r-xp 00000000 08:05 928414     /lib/i386-linux-gnu/libpthread-2.17.so
b74fc000-b74fd000 r--p 00016000 08:05 928414     /lib/i386-linux-gnu/libpthread-2.17.so
b74fd000-b74fe000 rw-p 00017000 08:05 928414     /lib/i386-linux-gnu/libpthread-2.17.so
b74fe000-b7500000 rw-p 00000000 00:00 0 
b7500000-b7503000 r-xp 00000000 08:05 930058     /lib/i386-linux-gnu/libdl-2.17.so
b7503000-b7504000 r--p 00002000 08:05 930058     /lib/i386-linux-gnu/libdl-2.17.so
b7504000-b7505000 rw-p 00003000 08:05 930058     /lib/i386-linux-gnu/libdl-2.17.so
b7505000-b76b2000 r-xp 00000000 08:05 926136     /lib/i386-linux-gnu/libc-2.17.so
b76b2000-b76b4000 r--p 001ad000 08:05 926136     /lib/i386-linux-gnu/libc-2.17.so
b76b4000-b76b5000 rw-p 001af000 08:05 926136     /lib/i386-linux-gnu/libc-2.17.so
b76b5000-b76b8000 rw-p 00000000 00:00 0 
b76bc000-b76bd000 r--p 002c5000 08:05 1055577    /usr/lib/locale/locale-archive
b76bd000-b76c0000 r-xp 00000000 08:05 272565     /usr/lib/jvm/java-7-openjdk-i386/jre/lib/i386/libnpt.so
b76c0000-b76c1000 r--p 00002000 08:05 272565     /usr/lib/jvm/java-7-openjdk-i386/jre/lib/i386/libnpt.so
b76c1000-b76c2000 rw-p 00003000 08:05 272565     /usr/lib/jvm/java-7-openjdk-i386/jre/lib/i386/libnpt.so
b76c2000-b76c3000 rw-p 00000000 00:00 0 
b76c3000-b76c4000 r--p 00000000 00:00 0 
b76c4000-b76d1000 r-xp 00000000 08:05 283937     /usr/lib/jvm/java-7-openjdk-i386/jre/lib/i386/libverify.so
b76d1000-b76d2000 r--p 0000d000 08:05 283937     /usr/lib/jvm/java-7-openjdk-i386/jre/lib/i386/libverify.so
b76d2000-b76d3000 rw-p 0000e000 08:05 283937     /usr/lib/jvm/java-7-openjdk-i386/jre/lib/i386/libverify.so
b76d3000-b76e0000 r-xp 00000000 08:05 283909     /usr/lib/jvm/java-7-openjdk-i386/jre/lib/i386/jli/libjli.so
b76e0000-b76e1000 r--p 0000c000 08:05 283909     /usr/lib/jvm/java-7-openjdk-i386/jre/lib/i386/jli/libjli.so
b76e1000-b76e2000 rw-p 0000d000 08:05 283909     /usr/lib/jvm/java-7-openjdk-i386/jre/lib/i386/jli/libjli.so
b76e2000-b76e5000 rw-p 00000000 00:00 0 
b76e5000-b76e6000 r-xp 00000000 00:00 0          [vdso]
b76e6000-b7706000 r-xp 00000000 08:05 968742     /lib/i386-linux-gnu/ld-2.17.so
b7706000-b7707000 r--p 0001f000 08:05 968742     /lib/i386-linux-gnu/ld-2.17.so
b7707000-b7708000 rw-p 00020000 08:05 968742     /lib/i386-linux-gnu/ld-2.17.so
bf940000-bf961000 rw-p 00000000 00:00 0          [stack]

VM Arguments:
jvm_args: -agentlib:jdwp=transport=dt_socket,suspend=y,address=localhost:60453 -Dfile.encoding=UTF-8 -Xbootclasspath:/home/dinja/Software/adt-bundle-linux-x86/sdk/platforms/android-17/android.jar 
java_command: gla.ac.uk.tests.ModelBuildingTest
Launcher Type: SUN_STANDARD

Environment Variables:
PATH=/usr/lib/lightdm/lightdm:/usr/local/sbin:/usr/local/bin:/usr/sbin:/usr/bin:/sbin:/bin:/usr/games:/usr/local/games:/home/dinja/Software/adt-bundle-linux-x86/sdk/tools:/home/dinja/Software/adt-bundle-linux-x86/sdk/platform-tools:/media/DATA/android_sdk/android-ndk-r8d
LD_LIBRARY_PATH=/usr/lib/jvm/java-7-openjdk-i386/jre/lib/i386/server:/usr/lib/jvm/java-7-openjdk-i386/jre/lib/i386:/usr/lib/jvm/java-7-openjdk-i386/jre/../lib/i386:/usr/lib/jvm/java-7-openjdk-i386/jre/lib/i386/client:/usr/lib/jvm/java-7-openjdk-i386/jre/lib/i386:
SHELL=/bin/bash
DISPLAY=:0

Signal Handlers:
SIGSEGV: [libjvm.so+0x7598c0], sa_mask[0]=0x7ffbfeff, sa_flags=0x10000004
SIGBUS: [libjvm.so+0x7598c0], sa_mask[0]=0x7ffbfeff, sa_flags=0x10000004
SIGFPE: [libjvm.so+0x5f54f0], sa_mask[0]=0x7ffbfeff, sa_flags=0x10000004
SIGPIPE: [libjvm.so+0x5f54f0], sa_mask[0]=0x7ffbfeff, sa_flags=0x10000004
SIGXFSZ: [libjvm.so+0x5f54f0], sa_mask[0]=0x7ffbfeff, sa_flags=0x10000004
SIGILL: [libjvm.so+0x5f54f0], sa_mask[0]=0x7ffbfeff, sa_flags=0x10000004
SIGUSR1: SIG_DFL, sa_mask[0]=0x00000000, sa_flags=0x00000000
SIGUSR2: [libjvm.so+0x5f53a0], sa_mask[0]=0x00000004, sa_flags=0x10000004
SIGHUP: SIG_DFL, sa_mask[0]=0x00000000, sa_flags=0x00000000
SIGINT: SIG_DFL, sa_mask[0]=0x00000000, sa_flags=0x00000000
SIGTERM: SIG_DFL, sa_mask[0]=0x00000000, sa_flags=0x00000000
SIGQUIT: SIG_DFL, sa_mask[0]=0x00000000, sa_flags=0x00000000


---------------  S Y S T E M  ---------------

OS:Ubuntu 13.04 (raring)
uname:Linux 3.8.0-19-generic #29-Ubuntu SMP Wed Apr 17 18:19:42 UTC 2013 i686
libc:glibc 2.17 NPTL 2.17 
rlimit: STACK 8192k, CORE 0k, NPROC 30736, NOFILE 4096, AS infinity
load average:2.39 1.85 1.83

/proc/meminfo:
MemTotal:        3964824 kB
MemFree:          585028 kB
Buffers:          463836 kB
Cached:          1628656 kB
SwapCached:            0 kB
Active:          1820572 kB
Inactive:        1383784 kB
Active(anon):    1113492 kB
Inactive(anon):   340592 kB
Active(file):     707080 kB
Inactive(file):  1043192 kB
Unevictable:          64 kB
Mlocked:              64 kB
HighTotal:       3114248 kB
HighFree:         349916 kB
LowTotal:         850576 kB
LowFree:          235112 kB
SwapTotal:        524284 kB
SwapFree:         524284 kB
Dirty:              1152 kB
Writeback:             0 kB
AnonPages:       1112056 kB
Mapped:           289928 kB
Shmem:            342168 kB
Slab:             132328 kB
SReclaimable:      73932 kB
SUnreclaim:        58396 kB
KernelStack:        6024 kB
PageTables:        16764 kB
NFS_Unstable:          0 kB
Bounce:                0 kB
WritebackTmp:          0 kB
CommitLimit:     2506696 kB
Committed_AS:    6098180 kB
VmallocTotal:     122880 kB
VmallocUsed:       16052 kB
VmallocChunk:     104748 kB
HardwareCorrupted:     0 kB
AnonHugePages:         0 kB
HugePages_Total:       0
HugePages_Free:        0
HugePages_Rsvd:        0
HugePages_Surp:        0
Hugepagesize:       2048 kB
DirectMap4k:       10232 kB
DirectMap2M:      903168 kB


CPU:total 2 (2 cores per cpu, 1 threads per core) family 6 model 23 stepping 10, cmov, cx8, fxsr, mmx, sse, sse2, sse3, ssse3, tsc

/proc/cpuinfo:
processor	: 0
vendor_id	: GenuineIntel
cpu family	: 6
model		: 23
model name	: Pentium(R) Dual-Core CPU       T4200  @ 2.00GHz
stepping	: 10
microcode	: 0xa07
cpu MHz		: 2000.000
cache size	: 1024 KB
physical id	: 0
siblings	: 2
core id		: 0
cpu cores	: 2
apicid		: 0
initial apicid	: 0
fdiv_bug	: no
hlt_bug		: no
f00f_bug	: no
coma_bug	: no
fpu		: yes
fpu_exception	: yes
cpuid level	: 13
wp		: yes
flags		: fpu vme de pse tsc msr pae mce cx8 apic sep mtrr pge mca cmov pat pse36 clflush dts acpi mmx fxsr sse sse2 ss ht tm pbe nx lm constant_tsc arch_perfmon pebs bts aperfmperf pni dtes64 monitor ds_cpl est tm2 ssse3 cx16 xtpr pdcm xsave lahf_lm dtherm
bogomips	: 3990.15
clflush size	: 64
cache_alignment	: 64
address sizes	: 36 bits physical, 48 bits virtual
power management:

processor	: 1
vendor_id	: GenuineIntel
cpu family	: 6
model		: 23
model name	: Pentium(R) Dual-Core CPU       T4200  @ 2.00GHz
stepping	: 10
microcode	: 0xa07
cpu MHz		: 2000.000
cache size	: 1024 KB
physical id	: 0
siblings	: 2
core id		: 1
cpu cores	: 2
apicid		: 1
initial apicid	: 1
fdiv_bug	: no
hlt_bug		: no
f00f_bug	: no
coma_bug	: no
fpu		: yes
fpu_exception	: yes
cpuid level	: 13
wp		: yes
flags		: fpu vme de pse tsc msr pae mce cx8 apic sep mtrr pge mca cmov pat pse36 clflush dts acpi mmx fxsr sse sse2 ss ht tm pbe nx lm constant_tsc arch_perfmon pebs bts aperfmperf pni dtes64 monitor ds_cpl est tm2 ssse3 cx16 xtpr pdcm xsave lahf_lm dtherm
bogomips	: 3990.15
clflush size	: 64
cache_alignment	: 64
address sizes	: 36 bits physical, 48 bits virtual
power management:



Memory: 4k page, physical 3964824k(584948k free), swap 524284k(524284k free)

vm_info: OpenJDK Server VM (23.7-b01) for linux-x86 JRE (1.7.0_21-b02), built on Apr 22 2013 07:41:32 by "buildd" with gcc 4.7.3

time: Fri Apr 26 00:22:08 2013
elapsed time: 0 seconds

