#
# A fatal error has been detected by the Java Runtime Environment:
#
#  Internal Error (javaClasses.cpp:129), pid=10740, tid=3060640576
#  fatal error: Invalid layout of preloaded class
#
# JRE version: 7.0_15-b20
# Java VM: OpenJDK Server VM (23.7-b01 mixed mode linux-x86 )
# Failed to write core dump. Core dumps have been disabled. To enable core dumping, try "ulimit -c unlimited" before starting Java again
#
# If you would like to submit a bug report, please include
# instructions on how to reproduce the bug and visit:
#   https://bugs.launchpad.net/ubuntu/+source/openjdk-7/
#

---------------  T H R E A D  ---------------

Current thread (0xb6506800):  JavaThread "Unknown thread" [_thread_in_vm, id=10745, stack(0xb668a000,0xb66db000)]

Stack: [0xb668a000,0xb66db000]
[error occurred during error reporting (printing stack bounds), id 0xb]


[error occurred during error reporting (printing native stack), id 0xb]


---------------  P R O C E S S  ---------------

Java Threads: ( => current thread )

Other Threads:

=>0xb6506800 (exited) JavaThread "Unknown thread" [_thread_in_vm, id=10745, stack(0xb668a000,0xb66db000)]

VM state:not at safepoint (not fully initialized)

VM Mutex/Monitor currently owned by a thread: None

GC Heap History (0 events):
No events

Deoptimization events (0 events):
No events

Internal exceptions (0 events):
No events

Events (10 events):
Event: 0.013 loading class 0xb6531948 done
Event: 0.013 loading class 0xb6531288 done
Event: 0.013 loading class 0xb6531260
Event: 0.014 loading class 0xb6551168
Event: 0.014 loading class 0xb6551168 done
Event: 0.014 loading class 0xb65511a0
Event: 0.014 loading class 0xb65511a0 done
Event: 0.014 loading class 0xb65511d8
Event: 0.014 loading class 0xb65511d8 done
Event: 0.014 loading class 0xb6531260 done


Dynamic libraries:
08048000-08049000 r-xp 00000000 08:05 1048381    /usr/lib/jvm/java-7-openjdk-i386/jre/bin/java
08049000-0804a000 r--p 00000000 08:05 1048381    /usr/lib/jvm/java-7-openjdk-i386/jre/bin/java
0804a000-0804b000 rw-p 00001000 08:05 1048381    /usr/lib/jvm/java-7-openjdk-i386/jre/bin/java
08902000-08923000 rw-p 00000000 00:00 0          [heap]
6b50d000-6b531000 rw-p 00000000 00:00 0 
6b531000-6b5f7000 r--s 0116f000 08:05 441170     /home/dinja/Software/adt-bundle-linux-x86/sdk/platforms/android-17/android.jar
6b5f7000-6e300000 rw-p 00000000 00:00 0 
6e300000-6e321000 rw-p 00000000 00:00 0 
6e321000-6e400000 ---p 00000000 00:00 0 
6e47f000-6e480000 ---p 00000000 00:00 0 
6e480000-6e500000 rw-p 00000000 00:00 0          [stack:10747]
6e500000-6e521000 rw-p 00000000 00:00 0 
6e521000-6e600000 ---p 00000000 00:00 0 
6e615000-6e616000 ---p 00000000 00:00 0 
6e616000-6e69e000 rw-p 00000000 00:00 0          [stack:10746]
6e69e000-6e6d6000 rw-p 00000000 00:00 0 
6e6d6000-6e6eb000 rw-p 00000000 00:00 0 
6e6eb000-6e81a000 rw-p 00000000 00:00 0 
6e81a000-6e822000 rw-p 00000000 00:00 0 
6e822000-6e85a000 rw-p 00000000 00:00 0 
6e85a000-6e86f000 rw-p 00000000 00:00 0 
6e86f000-6e99d000 rw-p 00000000 00:00 0 
6e99d000-6e9a8000 rw-p 00000000 00:00 0 
6e9a8000-6ea3f000 rw-p 00000000 00:00 0 
6ea3f000-6fa40000 rw-p 00000000 00:00 0 
6fa40000-76a40000 rw-p 00000000 00:00 0 
76a40000-792a0000 rw-p 00000000 00:00 0 
792a0000-9f0f0000 rw-p 00000000 00:00 0 
9f0f0000-a0520000 rw-p 00000000 00:00 0 
a0520000-b3440000 rw-p 00000000 00:00 0 
b3440000-b3449000 rw-p 00000000 00:00 0 
b3449000-b3500000 rw-p 00000000 00:00 0 
b3500000-b3740000 rwxp 00000000 00:00 0 
b3740000-b655b000 rw-p 00000000 00:00 0 
b655b000-b6600000 ---p 00000000 00:00 0 
b6601000-b660c000 r-xp 00000000 08:05 914136     /lib/i386-linux-gnu/libnss_files-2.15.so
b660c000-b660d000 r--p 0000a000 08:05 914136     /lib/i386-linux-gnu/libnss_files-2.15.so
b660d000-b660e000 rw-p 0000b000 08:05 914136     /lib/i386-linux-gnu/libnss_files-2.15.so
b660e000-b6618000 r-xp 00000000 08:05 916394     /lib/i386-linux-gnu/libnss_nis-2.15.so
b6618000-b6619000 r--p 00009000 08:05 916394     /lib/i386-linux-gnu/libnss_nis-2.15.so
b6619000-b661a000 rw-p 0000a000 08:05 916394     /lib/i386-linux-gnu/libnss_nis-2.15.so
b661a000-b6630000 r-xp 00000000 08:05 926083     /lib/i386-linux-gnu/libnsl-2.15.so
b6630000-b6631000 r--p 00015000 08:05 926083     /lib/i386-linux-gnu/libnsl-2.15.so
b6631000-b6632000 rw-p 00016000 08:05 926083     /lib/i386-linux-gnu/libnsl-2.15.so
b6632000-b6634000 rw-p 00000000 00:00 0 
b6634000-b663b000 r-xp 00000000 08:05 914116     /lib/i386-linux-gnu/libnss_compat-2.15.so
b663b000-b663c000 r--p 00006000 08:05 914116     /lib/i386-linux-gnu/libnss_compat-2.15.so
b663c000-b663d000 rw-p 00007000 08:05 914116     /lib/i386-linux-gnu/libnss_compat-2.15.so
b664e000-b6656000 r-xp 00000000 08:05 268947     /usr/lib/jvm/java-7-openjdk-i386/jre/lib/i386/libzip.so
b6656000-b6657000 r--p 00007000 08:05 268947     /usr/lib/jvm/java-7-openjdk-i386/jre/lib/i386/libzip.so
b6657000-b6658000 rw-p 00008000 08:05 268947     /usr/lib/jvm/java-7-openjdk-i386/jre/lib/i386/libzip.so
b6658000-b667f000 r-xp 00000000 08:05 270383     /usr/lib/jvm/java-7-openjdk-i386/jre/lib/i386/libjava.so
b667f000-b6680000 r--p 00026000 08:05 270383     /usr/lib/jvm/java-7-openjdk-i386/jre/lib/i386/libjava.so
b6680000-b6681000 rw-p 00027000 08:05 270383     /usr/lib/jvm/java-7-openjdk-i386/jre/lib/i386/libjava.so
b6681000-b6688000 r-xp 00000000 08:05 914325     /lib/i386-linux-gnu/librt-2.15.so
b6688000-b6689000 r--p 00006000 08:05 914325     /lib/i386-linux-gnu/librt-2.15.so
b6689000-b668a000 rw-p 00007000 08:05 914325     /lib/i386-linux-gnu/librt-2.15.so
b668a000-b668d000 ---p 00000000 00:00 0 
b668d000-b66db000 rw-p 00000000 00:00 0          [stack:10745]
b66db000-b66f7000 r-xp 00000000 08:05 914211     /lib/i386-linux-gnu/libgcc_s.so.1
b66f7000-b66f8000 r--p 0001b000 08:05 914211     /lib/i386-linux-gnu/libgcc_s.so.1
b66f8000-b66f9000 rw-p 0001c000 08:05 914211     /lib/i386-linux-gnu/libgcc_s.so.1
b66f9000-b6723000 r-xp 00000000 08:05 916400     /lib/i386-linux-gnu/libm-2.15.so
b6723000-b6724000 r--p 00029000 08:05 916400     /lib/i386-linux-gnu/libm-2.15.so
b6724000-b6725000 rw-p 0002a000 08:05 916400     /lib/i386-linux-gnu/libm-2.15.so
b6725000-b6801000 r-xp 00000000 08:05 1045512    /usr/lib/i386-linux-gnu/libstdc++.so.6.0.17
b6801000-b6802000 ---p 000dc000 08:05 1045512    /usr/lib/i386-linux-gnu/libstdc++.so.6.0.17
b6802000-b6806000 r--p 000dc000 08:05 1045512    /usr/lib/i386-linux-gnu/libstdc++.so.6.0.17
b6806000-b6807000 rw-p 000e0000 08:05 1045512    /usr/lib/i386-linux-gnu/libstdc++.so.6.0.17
b6807000-b680e000 rw-p 00000000 00:00 0 
b680e000-b7100000 r-xp 00000000 08:05 269244     /usr/lib/jvm/java-7-openjdk-i386/jre/lib/i386/server/libjvm.so
b7100000-b7147000 r--p 008f2000 08:05 269244     /usr/lib/jvm/java-7-openjdk-i386/jre/lib/i386/server/libjvm.so
b7147000-b715b000 rw-p 00939000 08:05 269244     /usr/lib/jvm/java-7-openjdk-i386/jre/lib/i386/server/libjvm.so
b715b000-b7579000 rw-p 00000000 00:00 0 
b7579000-b7590000 r-xp 00000000 08:05 914249     /lib/i386-linux-gnu/libz.so.1.2.7
b7590000-b7591000 r--p 00016000 08:05 914249     /lib/i386-linux-gnu/libz.so.1.2.7
b7591000-b7592000 rw-p 00017000 08:05 914249     /lib/i386-linux-gnu/libz.so.1.2.7
b7592000-b75a9000 r-xp 00000000 08:05 916398     /lib/i386-linux-gnu/libpthread-2.15.so
b75a9000-b75aa000 r--p 00016000 08:05 916398     /lib/i386-linux-gnu/libpthread-2.15.so
b75aa000-b75ab000 rw-p 00017000 08:05 916398     /lib/i386-linux-gnu/libpthread-2.15.so
b75ab000-b75ad000 rw-p 00000000 00:00 0 
b75ad000-b75b0000 r-xp 00000000 08:05 926076     /lib/i386-linux-gnu/libdl-2.15.so
b75b0000-b75b1000 r--p 00002000 08:05 926076     /lib/i386-linux-gnu/libdl-2.15.so
b75b1000-b75b2000 rw-p 00003000 08:05 926076     /lib/i386-linux-gnu/libdl-2.15.so
b75b2000-b7755000 r-xp 00000000 08:05 914106     /lib/i386-linux-gnu/libc-2.15.so
b7755000-b7756000 ---p 001a3000 08:05 914106     /lib/i386-linux-gnu/libc-2.15.so
b7756000-b7758000 r--p 001a3000 08:05 914106     /lib/i386-linux-gnu/libc-2.15.so
b7758000-b7759000 rw-p 001a5000 08:05 914106     /lib/i386-linux-gnu/libc-2.15.so
b7759000-b775c000 rw-p 00000000 00:00 0 
b775d000-b7765000 rw-s 00000000 08:05 654052     /tmp/hsperfdata_dinja/10740
b7765000-b7766000 rw-p 00000000 00:00 0 
b7766000-b7767000 r--p 00000000 00:00 0 
b7767000-b7774000 r-xp 00000000 08:05 269386     /usr/lib/jvm/java-7-openjdk-i386/jre/lib/i386/libverify.so
b7774000-b7775000 ---p 0000d000 08:05 269386     /usr/lib/jvm/java-7-openjdk-i386/jre/lib/i386/libverify.so
b7775000-b7776000 r--p 0000d000 08:05 269386     /usr/lib/jvm/java-7-openjdk-i386/jre/lib/i386/libverify.so
b7776000-b7777000 rw-p 0000e000 08:05 269386     /usr/lib/jvm/java-7-openjdk-i386/jre/lib/i386/libverify.so
b7777000-b7784000 r-xp 00000000 08:05 269546     /usr/lib/jvm/java-7-openjdk-i386/jre/lib/i386/jli/libjli.so
b7784000-b7785000 r--p 0000c000 08:05 269546     /usr/lib/jvm/java-7-openjdk-i386/jre/lib/i386/jli/libjli.so
b7785000-b7786000 rw-p 0000d000 08:05 269546     /usr/lib/jvm/java-7-openjdk-i386/jre/lib/i386/jli/libjli.so
b7786000-b7789000 rw-p 00000000 00:00 0 
b7789000-b778a000 r-xp 00000000 00:00 0          [vdso]
b778a000-b77aa000 r-xp 00000000 08:05 916401     /lib/i386-linux-gnu/ld-2.15.so
b77aa000-b77ab000 r--p 0001f000 08:05 916401     /lib/i386-linux-gnu/ld-2.15.so
b77ab000-b77ac000 rw-p 00020000 08:05 916401     /lib/i386-linux-gnu/ld-2.15.so
bf84e000-bf86f000 rw-p 00000000 00:00 0          [stack]

VM Arguments:
jvm_args: -Dfile.encoding=UTF-8 -Xbootclasspath:/home/dinja/Software/adt-bundle-linux-x86/sdk/platforms/android-17/android.jar 
java_command: gla.ac.uk.tests.ModelBuildingTest
Launcher Type: SUN_STANDARD

Environment Variables:
PATH=/usr/lib/lightdm/lightdm:/usr/local/sbin:/usr/local/bin:/usr/sbin:/usr/bin:/sbin:/bin:/usr/games:/usr/local/games:/home/dinja/Software/adt-bundle-linux-x86/sdk/tools:/home/dinja/Software/adt-bundle-linux-x86/sdk/platform-tools:/media/DATA/android_sdk/android-ndk-r8d
LD_LIBRARY_PATH=/usr/lib/jvm/java-7-openjdk-i386/jre/lib/i386/server:/usr/lib/jvm/java-7-openjdk-i386/jre/lib/i386:/usr/lib/jvm/java-7-openjdk-i386/jre/../lib/i386:/usr/lib/jvm/java-7-openjdk-i386/jre/lib/i386/client:/usr/lib/jvm/java-7-openjdk-i386/jre/lib/i386:
SHELL=/bin/bash
DISPLAY=:0

Signal Handlers:
SIGSEGV: [libjvm.so+0x756fb0], sa_mask[0]=0x7ffbfeff, sa_flags=0x10000004
SIGBUS: [libjvm.so+0x756fb0], sa_mask[0]=0x7ffbfeff, sa_flags=0x10000004
SIGFPE: [libjvm.so+0x5f3d00], sa_mask[0]=0x7ffbfeff, sa_flags=0x10000004
SIGPIPE: [libjvm.so+0x5f3d00], sa_mask[0]=0x7ffbfeff, sa_flags=0x10000004
SIGXFSZ: [libjvm.so+0x5f3d00], sa_mask[0]=0x7ffbfeff, sa_flags=0x10000004
SIGILL: [libjvm.so+0x5f3d00], sa_mask[0]=0x7ffbfeff, sa_flags=0x10000004
SIGUSR1: SIG_DFL, sa_mask[0]=0x00000000, sa_flags=0x00000000
SIGUSR2: [libjvm.so+0x5f3bb0], sa_mask[0]=0x00000004, sa_flags=0x10000004
SIGHUP: SIG_DFL, sa_mask[0]=0x00000000, sa_flags=0x00000000
SIGINT: SIG_DFL, sa_mask[0]=0x00000000, sa_flags=0x00000000
SIGTERM: SIG_DFL, sa_mask[0]=0x00000000, sa_flags=0x00000000
SIGQUIT: SIG_DFL, sa_mask[0]=0x00000000, sa_flags=0x00000000


---------------  S Y S T E M  ---------------

OS:Ubuntu 12.10 (quantal)
uname:Linux 3.5.0-27-generic #46-Ubuntu SMP Mon Mar 25 20:00:05 UTC 2013 i686
libc:glibc 2.15 NPTL 2.15 
rlimit: STACK 8192k, CORE 0k, NPROC 30806, NOFILE 4096, AS infinity
load average:1.80 1.59 1.45

/proc/meminfo:
MemTotal:        3965164 kB
MemFree:          675040 kB
Buffers:          607972 kB
Cached:          1552816 kB
SwapCached:         3848 kB
Active:          1667884 kB
Inactive:        1432204 kB
Active(anon):     864224 kB
Inactive(anon):   397432 kB
Active(file):     803660 kB
Inactive(file):  1034772 kB
Unevictable:       31232 kB
Mlocked:           31232 kB
HighTotal:       3114248 kB
HighFree:         586416 kB
LowTotal:         850916 kB
LowFree:           88624 kB
SwapTotal:        524284 kB
SwapFree:         488484 kB
Dirty:              2824 kB
Writeback:             0 kB
AnonPages:        967184 kB
Mapped:           185944 kB
Shmem:            316348 kB
Slab:             116156 kB
SReclaimable:      57556 kB
SUnreclaim:        58600 kB
KernelStack:        5160 kB
PageTables:        12996 kB
NFS_Unstable:          0 kB
Bounce:                0 kB
WritebackTmp:          0 kB
CommitLimit:     2506864 kB
Committed_AS:    5328544 kB
VmallocTotal:     122880 kB
VmallocUsed:       19684 kB
VmallocChunk:      44196 kB
HardwareCorrupted:     0 kB
AnonHugePages:         0 kB
HugePages_Total:       0
HugePages_Free:        0
HugePages_Rsvd:        0
HugePages_Surp:        0
Hugepagesize:       2048 kB
DirectMap4k:       10232 kB
DirectMap2M:      903168 kB


CPU:total 2 (2 cores per cpu, 1 threads per core) family 6 model 23 stepping 10, cmov, cx8, fxsr, mmx, sse, sse2, sse3, ssse3, tsc

/proc/cpuinfo:
processor	: 0
vendor_id	: GenuineIntel
cpu family	: 6
model		: 23
model name	: Pentium(R) Dual-Core CPU       T4200  @ 2.00GHz
stepping	: 10
microcode	: 0xa07
cpu MHz		: 2000.000
cache size	: 1024 KB
physical id	: 0
siblings	: 2
core id		: 0
cpu cores	: 2
apicid		: 0
initial apicid	: 0
fdiv_bug	: no
hlt_bug		: no
f00f_bug	: no
coma_bug	: no
fpu		: yes
fpu_exception	: yes
cpuid level	: 13
wp		: yes
flags		: fpu vme de pse tsc msr pae mce cx8 apic sep mtrr pge mca cmov pat pse36 clflush dts acpi mmx fxsr sse sse2 ss ht tm pbe nx lm constant_tsc arch_perfmon pebs bts aperfmperf pni dtes64 monitor ds_cpl est tm2 ssse3 cx16 xtpr pdcm xsave lahf_lm dtherm
bogomips	: 3990.21
clflush size	: 64
cache_alignment	: 64
address sizes	: 36 bits physical, 48 bits virtual
power management:

processor	: 1
vendor_id	: GenuineIntel
cpu family	: 6
model		: 23
model name	: Pentium(R) Dual-Core CPU       T4200  @ 2.00GHz
stepping	: 10
microcode	: 0xa07
cpu MHz		: 2000.000
cache size	: 1024 KB
physical id	: 0
siblings	: 2
core id		: 1
cpu cores	: 2
apicid		: 1
initial apicid	: 1
fdiv_bug	: no
hlt_bug		: no
f00f_bug	: no
coma_bug	: no
fpu		: yes
fpu_exception	: yes
cpuid level	: 13
wp		: yes
flags		: fpu vme de pse tsc msr pae mce cx8 apic sep mtrr pge mca cmov pat pse36 clflush dts acpi mmx fxsr sse sse2 ss ht tm pbe nx lm constant_tsc arch_perfmon pebs bts aperfmperf pni dtes64 monitor ds_cpl est tm2 ssse3 cx16 xtpr pdcm xsave lahf_lm dtherm
bogomips	: 3990.21
clflush size	: 64
cache_alignment	: 64
address sizes	: 36 bits physical, 48 bits virtual
power management:



Memory: 4k page, physical 3965164k(674916k free), swap 524284k(488484k free)

vm_info: OpenJDK Server VM (23.7-b01) for linux-x86 JRE (1.7.0_15-b20), built on Mar  6 2013 20:29:39 by "buildd" with gcc 4.7.2

time: Thu Apr 25 19:21:44 2013
elapsed time: 0 seconds

